<?xml version="1.0" encoding="UTF-8"?>
<!-- Generated by org.testng.reporters.JUnitReportReporter -->
<testsuite skipped="0" hostname="MoonMachine" name="test.AddContactTest" tests="1" failures="0" timestamp="2020-04-04T00:08:45 CDT" time="16.881" errors="0">
  <testcase name="AddingContact" time="16.881" classname="test.AddContactTest"/>
  <system-out/>
</testsuite> <!-- test.AddContactTest -->
